2021-11-30 13:03:04,112 - ERROR - <module>: 260 - Ошибка неверного типа данных!
Traceback (most recent call last):
  File "/Users/vladimirgaluska/Library/Application Support/JetBrains/PyCharmCE2021.2/scratches/scratch.py", line 60, in <module>
    k, l = map(int, input("Введите через пробел номер вертикали и горизонтали для первой фигуры: ").split())
ValueError: invalid literal for int() with base 10: 'ж'
2021-11-30 13:03:12,703 - ERROR - <module>: 62 - Ошибка! 10 или 30 вне диапазона от 1 до 8
2021-11-30 13:04:39,964 - ERROR - <module>: 67 - Ошибка! 5 вне диапазона от 1 до 4
2021-11-30 13:04:56,237 - ERROR - <module>: 71 - Ошибка! 60 или 40 вне диапазона от 1 до 8
2021-11-30 13:05:26,240 - INFO - check_color: 9 - Равны ли остатки от деления на 2 суммы ( 2 и 4 ) и суммы ( 5 и 8 ) 
2021-11-30 13:05:26,240 - INFO - check_color: 20 - Остатки от деления на 2 - 0 и 1, они не равны 
2021-11-30 13:05:26,241 - INFO - Rook_move: 157 - 2 ≠ 5 или 4 ≠ 8
2021-11-30 13:05:26,241 - INFO - Rook_move: 158 - Так как ладья не находится на одной вертикали или горизонтали - она не угрожает пешке
2021-11-30 13:06:30,449 - INFO - check_color: 9 - Равны ли остатки от деления на 2 суммы ( 3 и 5 ) и суммы ( 8 и 1 ) 
2021-11-30 13:06:30,449 - INFO - check_color: 20 - Остатки от деления на 2 - 0 и 1, они не равны 
2021-11-30 13:06:30,450 - INFO - Queen_move: 115 - 3 ≠ 8 или 5 ≠ 1 или 5 ≠ 4
2021-11-30 13:06:30,450 - INFO - Queen_move: 116 - Так как ферзь не находится на одной диагонали или вертикали или горизонтали - он не угрожает пешке
2021-11-30 13:08:00,297 - INFO - check_color: 9 - Равны ли остатки от деления на 2 суммы ( 2 и 5 ) и суммы ( 2 и 7 ) 
2021-11-30 13:08:00,298 - INFO - check_color: 23 - Остатки от деления на 2 - 1 и 1, они равны
2021-11-30 13:08:00,298 - INFO - Queen_move: 110 - 2 = 2 или 5 = 7 или 0 = 2
2021-11-30 13:08:00,298 - INFO - Queen_move: 111 - Так как ферзь находится на одной диагонали или вертикали или горизонтали - он угрожает пешке
